<?xml version="1.0" encoding="UTF-8"?>
<!-- Generated by org.testng.reporters.JUnitReportReporter -->
<testsuite skipped="0" hostname="DESKTOP-1V293AK" name="org.codechallenge.tests.TC001_AddItemShoppingCartSuccessfully" tests="1" failures="0" timestamp="2021-07-31T14:08:10 BOT" time="8.217" errors="0">
  <testcase name="homePageNavigation" time="8.217" classname="org.codechallenge.tests.TC001_AddItemShoppingCartSuccessfully"/>
  <system-out/>
</testsuite> <!-- org.codechallenge.tests.TC001_AddItemShoppingCartSuccessfully -->
